<?xml version="1.0" encoding="UTF-8"?>
<testng-results skipped="0" failed="0" total="1" passed="1">
  <reporter-output>
  </reporter-output>
  <suite name="Default suite" duration-ms="43" started-at="2018-03-28T14:58:01Z" finished-at="2018-03-28T14:58:01Z">
    <groups>
    </groups>
    <test name="Default test" duration-ms="43" started-at="2018-03-28T14:58:01Z" finished-at="2018-03-28T14:58:01Z">
      <class name="testRunner.TestRunner">
        <test-method status="PASS" signature="f()[pri:0, instance:testRunner.TestRunner@ae45eb6]" name="f" duration-ms="19" started-at="2018-03-28T20:28:01Z" finished-at="2018-03-28T20:28:01Z">
          <reporter-output>
          </reporter-output>
        </test-method> <!-- f -->
      </class> <!-- testRunner.TestRunner -->
    </test> <!-- Default test -->
  </suite> <!-- Default suite -->
</testng-results>
